<project xmlns="http://maven.apache.org/POM/4.0.0" xmlns:xsi="http://www.w3.org/2001/XMLSchema-instance" xsi:schemaLocation="http://maven.apache.org/POM/4.0.0 http://maven.apache.org/maven-v4_0_0.xsd">
	<modelVersion>4.0.0</modelVersion>
	<artifactId>Test-Web</artifactId>
	<packaging>war</packaging>
	<name>${project.artifactId}</name>
	<parent>
		<artifactId>Test-globals</artifactId>
		<groupId>maven.test.app</groupId>
		<version>TEST-SNAPSHOT</version>
	</parent>
	<repositories>
		<repository>
			<id>Continuous Build</id>
			<name>Teamcity continuous build repository</name>
			<url>http://titv0005.fr.net.intra:8580/repo2</url>
		</repository>
	</repositories>
	<dependencies>

		<!-- NEGIN migration -->
		<dependency>
			<groupId>javax.inject</groupId>
			<artifactId>javax.inject</artifactId>
			<version>1</version>
		</dependency>
		<dependency>
			<groupId>org.hibernate</groupId>
			<artifactId>hibernate</artifactId>
			<version>${hibernate.version}</version>
		</dependency>
		<dependency>
			<groupId>org.springframework</groupId>
			<artifactId>spring-context-support</artifactId>
			<version>${spring.version}</version>
		</dependency>
		<dependency>
			<groupId>org.springframework</groupId>
			<artifactId>spring-context</artifactId>
			<version>${spring.version}</version>
		</dependency>
		<dependency>
			<groupId>org.springframework</groupId>
			<artifactId>spring-orm</artifactId>
			<version>${spring.version}</version>
		</dependency>
		<dependency>
			<groupId>org.springframework</groupId>
			<artifactId>spring-jdbc</artifactId>
			<version>${spring.version}</version>
		</dependency>
		<dependency>
			<groupId>org.springframework</groupId>
			<artifactId>spring-struts</artifactId>
			<version>${spring.version}</version>
		</dependency>
		<dependency>
			<groupId>org.springframework</groupId>
			<artifactId>spring-jms</artifactId>
			<version>${spring.version}</version>
		</dependency>
		<dependency>
			<groupId>org.springframework</groupId>
			<artifactId>spring-test</artifactId>
			<version>${spring.version}</version>
			<scope>test</scope>
		</dependency>
		<dependency>
			<groupId>org.aspectj</groupId>
			<artifactId>aspectjweaver</artifactId>
			<version>${aspectj.version}</version>
		</dependency>
		<dependency>
			<groupId>org.slf4j</groupId>
			<artifactId>slf4j-api</artifactId>
			<version>1.6.4</version>
		</dependency>
		<dependency>
			<groupId>org.slf4j</groupId>
			<artifactId>slf4j-log4j12</artifactId>
			<version>1.6.4</version>
		</dependency>
		<dependency>
			<groupId>log4j</groupId>
			<artifactId>apache-log4j-extras</artifactId>
			<version>1.2.17</version>
		</dependency>
		<dependency>
			<groupId>org.powermock</groupId>
			<artifactId>powermock-module-junit4</artifactId>
			<version>1.4.9</version>
			<scope>test</scope>
		</dependency>
		<dependency>
			<groupId>org.powermock</groupId>
			<artifactId>powermock-api-mockito</artifactId>
			<version>1.4.9</version>
			<scope>test</scope>
		</dependency>
		<!-- END migration -->
		<dependency>
			<groupId>maven.test.app</groupId>
			<artifactId>Test-Dao</artifactId>
			<version>${project.parent.version}</version>
		</dependency>
		<dependency>
			<groupId>org.apache.cxf</groupId>
			<artifactId>cxf-rt-frontend-jaxws</artifactId>
			<version>${cxf.version}</version>
			<exclusions>
				<exclusion>
					<artifactId>asm</artifactId>
					<groupId>asm</groupId>
				</exclusion>
				<exclusion>
					<artifactId>spring-beans</artifactId>
					<groupId>org.springframework</groupId>
				</exclusion>
				<exclusion>
					<artifactId>spring-context</artifactId>
					<groupId>org.springframework</groupId>
				</exclusion>
				<exclusion>
					<artifactId>spring-core</artifactId>
					<groupId>org.springframework</groupId>
				</exclusion>
			</exclusions>
		</dependency>
		<dependency>
			<groupId>org.apache.cxf</groupId>
			<artifactId>cxf-rt-transports-http</artifactId>
			<version>${cxf.version}</version>
			<exclusions>
				<exclusion>
					<artifactId>spring-web</artifactId>
					<groupId>org.springframework</groupId>
				</exclusion>
			</exclusions>
		</dependency>
		<dependency>
			<groupId>org.apache.cxf</groupId>
			<artifactId>cxf-rt-databinding-aegis</artifactId>
			<version>${cxf.version}</version>
		</dependency>
		<dependency>
			<groupId>org.apache.ws.xmlschema</groupId>
			<artifactId>xmlschema-core</artifactId>
			<version>2.0.2</version>
		</dependency>
		<dependency>
			<groupId>xerces</groupId>
			<artifactId>xercesImpl</artifactId>
			<version>2.9.1</version>
		</dependency>
		<dependency>
			<groupId>javax.activation</groupId>
			<artifactId>activation</artifactId>
			<version>1.1</version>
			<scope>provided</scope>
		</dependency>
		<dependency>
			<groupId>javax.servlet</groupId>
			<artifactId>servlet-api</artifactId>
			<version>2.3</version>
			<scope>provided</scope>
		</dependency>
		<dependency>
			<groupId>javax.mail</groupId>
			<artifactId>mail</artifactId>
			<version>1.4.1</version>
			<scope>provided</scope>
			<exclusions>
				<exclusion>
					<groupId>javax.activation</groupId>
					<artifactId>activation</artifactId>
				</exclusion>
			</exclusions>
		</dependency>
		<dependency>
			<groupId>javax.jms</groupId>
			<artifactId>jms</artifactId>
			<version>1.1</version>
			<scope>provided</scope>
		</dependency>
		<dependency>
			<groupId>struts</groupId>
			<artifactId>struts</artifactId>
			<version>1.2.9</version>
		</dependency>
		<dependency>
			<groupId>javax.servlet</groupId>
			<artifactId>jsp-api</artifactId>
			<version>2.0</version>
			<scope>provided</scope>
		</dependency>
		<dependency>
			<groupId>org.quartz-scheduler</groupId>
			<artifactId>quartz</artifactId>
			<version>${quartz.version}</version>
		</dependency>
		<dependency>
			<groupId>commons-collections</groupId>
			<artifactId>commons-collections</artifactId>
			<version>3.2</version>
		</dependency>
		<dependency>
			<groupId>commons-dbcp</groupId>
			<artifactId>commons-dbcp</artifactId>
			<version>1.2.1</version>
			<exclusions>
				<exclusion>
					<artifactId>xercesImpl</artifactId>
					<groupId>xerces</groupId>
				</exclusion>
			</exclusions>
		</dependency>
		<dependency>
			<groupId>org.apache.commons</groupId>
			<artifactId>commons-email</artifactId>
			<version>1.1</version>
			<exclusions>
				<exclusion>
					<groupId>javax.activation</groupId>
					<artifactId>activation</artifactId>
				</exclusion>
			</exclusions>
		</dependency>
		<dependency>
			<groupId>commons-io</groupId>
			<artifactId>commons-io</artifactId>
			<version>1.4</version>
		</dependency>
		<dependency>
			<groupId>commons-lang</groupId>
			<artifactId>commons-lang</artifactId>
			<version>2.3</version>
		</dependency>
		<dependency>
			<groupId>commons-httpclient</groupId>
			<artifactId>commons-httpclient</artifactId>
			<scope>provided</scope>
			<version>3.1</version>
		</dependency>
		<dependency>
			<groupId>commons-logging</groupId>
			<artifactId>commons-logging</artifactId>
			<version>1.1.1</version>
		</dependency>
		<dependency>
			<groupId>commons-pool</groupId>
			<artifactId>commons-pool</artifactId>
			<version>1.2</version>
			<exclusions>
				<exclusion>
					<artifactId>xercesImpl</artifactId>
					<groupId>xerces</groupId>
				</exclusion>
			</exclusions>
		</dependency>
		<dependency>
			<groupId>commons-validator</groupId>
			<artifactId>commons-validator</artifactId>
			<version>1.2.0</version>
		</dependency>
		<dependency>
			<groupId>org.apache.poi</groupId>
			<artifactId>poi</artifactId>
			<version>3.9</version>
		</dependency>
		<dependency>
			<groupId>avalon-framework</groupId>
			<artifactId>avalon-framework</artifactId>
			<version>4.1.4</version>
		</dependency>
		<dependency>
			<groupId>velocity</groupId>
			<artifactId>velocity</artifactId>
			<version>1.5</version>
		</dependency>
		<dependency>
			<groupId>com.reuters</groupId>
			<artifactId>trapilib</artifactId>
			<version>1.0</version>
		</dependency>
		<dependency>
			<groupId>net.sf.dozer</groupId>
			<artifactId>dozer</artifactId>
			<version>${dozer.version}</version>
		</dependency>
		<!-- dependency> <groupId>org.hibernate</groupId> <artifactId>hibernate</artifactId> <version>3.2.6.GA</version> </dependency -->
		<dependency>
			<groupId>junit</groupId>
			<artifactId>junit</artifactId>
			<version>4.10</version>
			<type>jar</type>
			<scope>test</scope>
		</dependency>
		<dependency>
			<groupId>org.seleniumhq.selenium</groupId>
			<artifactId>selenium-java</artifactId>
			<version>2.42.2</version>
			<scope>test</scope>
		</dependency>
		<dependency>
			<groupId>org.seleniumhq.selenium</groupId>
			<artifactId>selenium-firefox-driver</artifactId>
			<version>2.42.2</version>
			<scope>test</scope>
		</dependency>
		<dependency>
			<groupId>org.mockito</groupId>
			<artifactId>mockito-core</artifactId>
			<version>1.10.8</version>
			<type>jar</type>
			<scope>test</scope>
		</dependency>
	</dependencies>
	<build>
		<plugins>
			<plugin>
				<artifactId>maven-surefire-plugin</artifactId>
				<configuration>
					<argLine>-XX:PermSize=256m -XX:MaxPermSize=512m</argLine>
				</configuration>
			</plugin>
			<plugin>
				<artifactId>maven-war-plugin</artifactId>
				<version>2.1.1</version>
				<configuration>
					<webResources>
						<webResource>
							<directory>${basedir}/src/main/webapp/WEB-INF</directory>
							<includes>
								<include>*.xml</include>
							</includes>
							<targetPath>WEB-INF</targetPath>
							<filtering>true</filtering>
						</webResource>
					</webResources>
				</configuration>
			</plugin>
		</plugins>
	</build>
	<profiles>
		<profile>
			<id>DEPLOY</id>
			<build>
				<plugins>
					<plugin>
						<artifactId>maven-antrun-plugin</artifactId>
						<executions>
							<execution>
								<phase>validate</phase>
								<configuration>
									<tasks>
										<echo message="The current build is for ${release.env}" />
										<copy file="src/main/webapp/conf/${release.env}/trapi.lic" tofile="src/main/webapp/conf/trapi.lic" overwrite="true" />
									</tasks>
								</configuration>
								<goals>
									<goal>run</goal>
								</goals>
							</execution>
						</executions>
					</plugin>
				</plugins>
			</build>
		</profile>
		<profile>
			<id>integration-test</id>
			<dependencies>
				<dependency>
					<groupId>org.codehaus.mojo</groupId>
					<artifactId>cobertura-maven-plugin</artifactId>
					<version>2.4</version>
				</dependency>
			</dependencies>
			<build>
				<finalName>${project.artifactId}</finalName>
				<directory>${project.basedir}/target</directory>
				<plugins>
					<plugin>
						<groupId>org.codehaus.mojo</groupId>
						<artifactId>cobertura-maven-plugin</artifactId>
						<version>2.4</version>
						<executions>
							<execution>
								<id>clean_instrument</id>
								<phase>compile</phase>
								<goals>
									<goal>clean</goal>
									<goal>instrument</goal>
								</goals>
								<configuration>
									<outputDirectory>${project.basedir}/target/classes</outputDirectory>
								</configuration>
							</execution>
							<execution>
								<id>report</id>
								<phase>post-integration-test</phase>
								<goals>
									<goal>cobertura</goal>
								</goals>
							</execution>
						</executions>
						<configuration>
							<formats>
								<format>xml</format>
							</formats>
						</configuration>
					</plugin>
					<plugin>
						<groupId>org.apache.maven.plugins</groupId>
						<artifactId>maven-war-plugin</artifactId>
						<version>2.2</version>
						<configuration>
							<warSourceDirectory>${project.basedir}/src/main/webapp</warSourceDirectory>
							<archive>
								<compress />
							</archive>
							<warSourceExcludes>META-INF/context.xml</warSourceExcludes>
						</configuration>
					</plugin>
				</plugins>
			</build>
		</profile>
	</profiles>
	<properties>
		<spring.version>3.2.1.RELEASE</spring.version>
		<aspectj.version>1.6.9</aspectj.version>
		<hibernate.version>3.2.7.GA</hibernate.version>
		<maven.checkstyle.excludes>**/app/ret/**</maven.checkstyle.excludes>
		<puma.version>13.1</puma.version>
		<cxf.version>2.2.6</cxf.version>
		<junit.version>4.7</junit.version>
		<quartz.version>2.2.1</quartz.version>
		<dozer.version>4.4</dozer.version>
	</properties>
</project>
